29/06/2018 12:28:55 PagSeguro.br.com.uol.pagseguro.api.http.AuthenticatedHttpClient[INFO]: Correlation Id: 4618c03a-05bb-472c-b019-f21938ffa5b5
29/06/2018 12:28:55 PagSeguro.br.com.uol.pagseguro.api.http.JSEHttpClient[INFO]: Executando [POST] em [https://ws.sandbox.pagseguro.uol.com.br/v2/authorizations/request?appId=app8576022851&appKey=73638EEFDADA0E2DD4C73F928ADF287F&correlationId=4618c03a-05bb-472c-b019-f21938ffa5b5]
29/06/2018 12:28:55 PagSeguro.br.com.uol.pagseguro.api.http.JSEHttpClient[INFO]: Abrindo conexao
29/06/2018 12:28:55 PagSeguro.br.com.uol.pagseguro.api.http.JSEHttpClient[INFO]: Escrevendo body
29/06/2018 12:28:56 PagSeguro.br.com.uol.pagseguro.api.http.JSEHttpClient[INFO]: Lendo resposta
29/06/2018 12:28:56 PagSeguro.br.com.uol.pagseguro.api.http.JSEHttpClient[INFO]: Fechando conexao
29/06/2018 12:32:28 PagSeguro.br.com.uol.pagseguro.api.http.AuthenticatedHttpClient[INFO]: Correlation Id: c8a67512-1fe2-4ddd-bb4f-2a79b7db65dd
29/06/2018 12:32:28 PagSeguro.br.com.uol.pagseguro.api.http.JSEHttpClient[INFO]: Executando [POST] em [https://ws.sandbox.pagseguro.uol.com.br/v2/authorizations/request?appId=app8576022851&appKey=73638EEFDADA0E2DD4C73F928ADF287F&correlationId=c8a67512-1fe2-4ddd-bb4f-2a79b7db65dd]
29/06/2018 12:32:28 PagSeguro.br.com.uol.pagseguro.api.http.JSEHttpClient[INFO]: Abrindo conexao
29/06/2018 12:32:28 PagSeguro.br.com.uol.pagseguro.api.http.JSEHttpClient[INFO]: Escrevendo body
29/06/2018 12:32:29 PagSeguro.br.com.uol.pagseguro.api.http.JSEHttpClient[INFO]: Lendo resposta
29/06/2018 12:32:29 PagSeguro.br.com.uol.pagseguro.api.http.JSEHttpClient[INFO]: Fechando conexao
29/06/2018 12:33:33 PagSeguro.br.com.uol.pagseguro.api.http.AuthenticatedHttpClient[INFO]: Correlation Id: 46188b35-31a9-40af-8385-dd90945c8bae
29/06/2018 12:33:33 PagSeguro.br.com.uol.pagseguro.api.http.JSEHttpClient[INFO]: Executando [POST] em [https://ws.sandbox.pagseguro.uol.com.br/v2/authorizations/request?appId=app8576022851&appKey=73638EEFDADA0E2DD4C73F928ADF287F&correlationId=46188b35-31a9-40af-8385-dd90945c8bae]
29/06/2018 12:33:33 PagSeguro.br.com.uol.pagseguro.api.http.JSEHttpClient[INFO]: Abrindo conexao
29/06/2018 12:33:33 PagSeguro.br.com.uol.pagseguro.api.http.JSEHttpClient[INFO]: Escrevendo body
29/06/2018 12:33:34 PagSeguro.br.com.uol.pagseguro.api.http.JSEHttpClient[INFO]: Lendo resposta
29/06/2018 12:33:34 PagSeguro.br.com.uol.pagseguro.api.http.JSEHttpClient[INFO]: Fechando conexao
29/06/2018 12:40:01 PagSeguro.br.com.uol.pagseguro.api.http.AuthenticatedHttpClient[INFO]: Correlation Id: 3c900f7a-f9d2-4ac2-86d2-c5c29461cfab
29/06/2018 12:40:01 PagSeguro.br.com.uol.pagseguro.api.http.JSEHttpClient[INFO]: Executando [POST] em [https://ws.sandbox.pagseguro.uol.com.br/v2/authorizations/request?appId=app8576022851&appKey=73638EEFDADA0E2DD4C73F928ADF287F&correlationId=3c900f7a-f9d2-4ac2-86d2-c5c29461cfab]
29/06/2018 12:40:01 PagSeguro.br.com.uol.pagseguro.api.http.JSEHttpClient[INFO]: Abrindo conexao
29/06/2018 12:40:01 PagSeguro.br.com.uol.pagseguro.api.http.JSEHttpClient[INFO]: Escrevendo body
29/06/2018 12:40:02 PagSeguro.br.com.uol.pagseguro.api.http.JSEHttpClient[INFO]: Lendo resposta
29/06/2018 12:40:02 PagSeguro.br.com.uol.pagseguro.api.http.JSEHttpClient[INFO]: Fechando conexao
29/06/2018 12:40:41 PagSeguro.br.com.uol.pagseguro.api.transaction.register.DirectPaymentRegisterResource[INFO]: Iniciando pagamento direto com debito online
29/06/2018 12:40:41 PagSeguro.br.com.uol.pagseguro.api.transaction.register.DirectPaymentRegisterResource[INFO]: Convertendo valores
29/06/2018 12:40:41 PagSeguro.br.com.uol.pagseguro.api.transaction.register.DirectPaymentRegisterResource[INFO]: Valores convertidos
29/06/2018 12:40:41 PagSeguro.br.com.uol.pagseguro.api.transaction.register.DirectPaymentRegisterResource[FINE]: Parametros: RequestMap{map={notificationURL=www.sualoja.com.br/notification, itemId1=0001, shippingAddressState=Example, extraAmount=100.00, itemId2=0002, shippingType=2, bankName=bancodobrasil, senderCPF=99999999999, reference=LIBJAVA_DIRECT_PAYMENT, senderName=Jose Comprador, shippingAddressComplement=99o andar, senderEmail=comprador@uol.com.br, shippingAddressNumber=9999, currency=BRL, senderAreaCode=99, shippingAddressStreet=Av. PagSeguro, shippingAddressCity=Cidade Exemplo, itemQuantity1=1, itemWeight1=1000, itemWeight2=750, shippingCost=10.00, paymentMode=default, itemQuantity2=2, shippingAddressCountry=BRA, senderPhone=99999999, shippingAddressDistrict=Jardim Internet, itemDescription1=Produto PagSeguroI, itemDescription2=Produto PagSeguroII, paymentMethod=eft, itemAmount1=99999.99, shippingAddressPostalCode=99999999, itemAmount2=99999.98}}
29/06/2018 12:40:41 PagSeguro.br.com.uol.pagseguro.api.http.AuthenticatedHttpClient[INFO]: Correlation Id: 439d95f1-4a4e-493d-a2db-0e258f5a2223
29/06/2018 12:40:41 PagSeguro.br.com.uol.pagseguro.api.http.JSEHttpClient[INFO]: Executando [POST] em [https://ws.sandbox.pagseguro.uol.com.br/v2/transactions?email=v93334342506340093393@sandbox.pagseguro.com.br&token=PUB5EBE15C1DBD24D73893CAEA3AA24DBB2&correlationId=439d95f1-4a4e-493d-a2db-0e258f5a2223]
29/06/2018 12:40:41 PagSeguro.br.com.uol.pagseguro.api.http.JSEHttpClient[INFO]: Abrindo conexao
29/06/2018 12:40:42 PagSeguro.br.com.uol.pagseguro.api.http.JSEHttpClient[INFO]: Escrevendo body
29/06/2018 12:40:43 PagSeguro.br.com.uol.pagseguro.api.http.JSEHttpClient[INFO]: Lendo resposta
29/06/2018 12:40:43 PagSeguro.br.com.uol.pagseguro.api.http.JSEHttpClient[INFO]: Fechando conexao
29/06/2018 12:40:43 PagSeguro.br.com.uol.pagseguro.api.transaction.register.DirectPaymentRegisterResource[FINE]: Resposta: HttpResponse{responseAsString='Unauthorized', status=401}
29/06/2018 12:40:43 PagSeguro.br.com.uol.pagseguro.api.transaction.register.DirectPaymentRegisterResource[INFO]: Parseando XML de resposta
29/06/2018 12:42:33 PagSeguro.br.com.uol.pagseguro.api.transaction.register.DirectPaymentRegisterResource[INFO]: Iniciando pagamento direto com debito online
29/06/2018 12:42:33 PagSeguro.br.com.uol.pagseguro.api.transaction.register.DirectPaymentRegisterResource[INFO]: Convertendo valores
29/06/2018 12:42:33 PagSeguro.br.com.uol.pagseguro.api.transaction.register.DirectPaymentRegisterResource[INFO]: Valores convertidos
29/06/2018 12:42:33 PagSeguro.br.com.uol.pagseguro.api.transaction.register.DirectPaymentRegisterResource[FINE]: Parametros: RequestMap{map={notificationURL=www.sualoja.com.br/notification, itemId1=0001, shippingAddressState=Example, extraAmount=100.00, itemId2=0002, shippingType=2, bankName=bancodobrasil, senderCPF=99999999999, reference=LIBJAVA_DIRECT_PAYMENT, senderName=Jose Comprador, shippingAddressComplement=99o andar, senderEmail=comprador@uol.com.br, shippingAddressNumber=9999, currency=BRL, senderAreaCode=99, shippingAddressStreet=Av. PagSeguro, shippingAddressCity=Cidade Exemplo, itemQuantity1=1, itemWeight1=1000, itemWeight2=750, shippingCost=10.00, paymentMode=default, itemQuantity2=2, shippingAddressCountry=BRA, senderPhone=99999999, shippingAddressDistrict=Jardim Internet, itemDescription1=Produto PagSeguroI, itemDescription2=Produto PagSeguroII, paymentMethod=eft, itemAmount1=99999.99, shippingAddressPostalCode=99999999, itemAmount2=99999.98}}
29/06/2018 12:42:33 PagSeguro.br.com.uol.pagseguro.api.http.AuthenticatedHttpClient[INFO]: Correlation Id: fd8cdde8-d6f1-4554-a53b-a2cf05be1135
29/06/2018 12:42:33 PagSeguro.br.com.uol.pagseguro.api.http.JSEHttpClient[INFO]: Executando [POST] em [https://ws.sandbox.pagseguro.uol.com.br/v2/transactions?email=v93334342506340093393@sandbox.pagseguro.com.br&token=PUB5EBE15C1DBD24D73893CAEA3AA24DBB2&correlationId=fd8cdde8-d6f1-4554-a53b-a2cf05be1135]
29/06/2018 12:42:33 PagSeguro.br.com.uol.pagseguro.api.http.JSEHttpClient[INFO]: Abrindo conexao
29/06/2018 12:42:33 PagSeguro.br.com.uol.pagseguro.api.http.JSEHttpClient[INFO]: Escrevendo body
29/06/2018 12:42:34 PagSeguro.br.com.uol.pagseguro.api.http.JSEHttpClient[INFO]: Lendo resposta
29/06/2018 12:42:34 PagSeguro.br.com.uol.pagseguro.api.http.JSEHttpClient[INFO]: Fechando conexao
29/06/2018 12:42:34 PagSeguro.br.com.uol.pagseguro.api.transaction.register.DirectPaymentRegisterResource[FINE]: Resposta: HttpResponse{responseAsString='Unauthorized', status=401}
29/06/2018 12:42:34 PagSeguro.br.com.uol.pagseguro.api.transaction.register.DirectPaymentRegisterResource[INFO]: Parseando XML de resposta
29/06/2018 12:44:06 PagSeguro.br.com.uol.pagseguro.api.transaction.register.DirectPaymentRegisterResource[INFO]: Iniciando pagamento direto com debito online
29/06/2018 12:44:06 PagSeguro.br.com.uol.pagseguro.api.transaction.register.DirectPaymentRegisterResource[INFO]: Convertendo valores
29/06/2018 12:44:06 PagSeguro.br.com.uol.pagseguro.api.transaction.register.DirectPaymentRegisterResource[INFO]: Valores convertidos
29/06/2018 12:44:06 PagSeguro.br.com.uol.pagseguro.api.transaction.register.DirectPaymentRegisterResource[FINE]: Parametros: RequestMap{map={paymentMethod=eft, currency=BRL, bankName=itau}}
29/06/2018 12:44:06 PagSeguro.br.com.uol.pagseguro.api.http.AuthenticatedHttpClient[INFO]: Correlation Id: 2d9afbae-c353-49c0-aff2-671fad3d8330
29/06/2018 12:44:06 PagSeguro.br.com.uol.pagseguro.api.http.JSEHttpClient[INFO]: Executando [POST] em [https://ws.sandbox.pagseguro.uol.com.br/v2/transactions?email=v93334342506340093393@sandbox.pagseguro.com.br&token=PUB5EBE15C1DBD24D73893CAEA3AA24DBB2&correlationId=2d9afbae-c353-49c0-aff2-671fad3d8330]
29/06/2018 12:44:06 PagSeguro.br.com.uol.pagseguro.api.http.JSEHttpClient[INFO]: Abrindo conexao
29/06/2018 12:44:06 PagSeguro.br.com.uol.pagseguro.api.http.JSEHttpClient[INFO]: Escrevendo body
29/06/2018 12:44:07 PagSeguro.br.com.uol.pagseguro.api.http.JSEHttpClient[INFO]: Lendo resposta
29/06/2018 12:44:07 PagSeguro.br.com.uol.pagseguro.api.http.JSEHttpClient[INFO]: Fechando conexao
29/06/2018 12:44:07 PagSeguro.br.com.uol.pagseguro.api.transaction.register.DirectPaymentRegisterResource[FINE]: Resposta: HttpResponse{responseAsString='Unauthorized', status=401}
29/06/2018 12:44:07 PagSeguro.br.com.uol.pagseguro.api.transaction.register.DirectPaymentRegisterResource[INFO]: Parseando XML de resposta
29/06/2018 12:44:57 PagSeguro.br.com.uol.pagseguro.api.transaction.register.DirectPaymentRegisterResource[INFO]: Iniciando pagamento direto com debito online
29/06/2018 12:44:57 PagSeguro.br.com.uol.pagseguro.api.transaction.register.DirectPaymentRegisterResource[INFO]: Convertendo valores
29/06/2018 12:44:57 PagSeguro.br.com.uol.pagseguro.api.transaction.register.DirectPaymentRegisterResource[INFO]: Valores convertidos
29/06/2018 12:44:57 PagSeguro.br.com.uol.pagseguro.api.transaction.register.DirectPaymentRegisterResource[FINE]: Parametros: RequestMap{map={paymentMethod=eft, currency=BRL, bankName=itau}}
29/06/2018 12:44:57 PagSeguro.br.com.uol.pagseguro.api.http.AuthenticatedHttpClient[INFO]: Correlation Id: dfbd087f-55a1-4d60-bc78-f587b4bc080f
29/06/2018 12:44:57 PagSeguro.br.com.uol.pagseguro.api.http.JSEHttpClient[INFO]: Executando [POST] em [https://ws.sandbox.pagseguro.uol.com.br/v2/transactions?email=v93334342506340093393@sandbox.pagseguro.com.br&token=PUB5EBE15C1DBD24D73893CAEA3AA24DBB2&correlationId=dfbd087f-55a1-4d60-bc78-f587b4bc080f]
29/06/2018 12:44:57 PagSeguro.br.com.uol.pagseguro.api.http.JSEHttpClient[INFO]: Abrindo conexao
29/06/2018 12:44:58 PagSeguro.br.com.uol.pagseguro.api.http.JSEHttpClient[INFO]: Escrevendo body
29/06/2018 12:44:58 PagSeguro.br.com.uol.pagseguro.api.http.JSEHttpClient[INFO]: Lendo resposta
29/06/2018 12:44:58 PagSeguro.br.com.uol.pagseguro.api.http.JSEHttpClient[INFO]: Fechando conexao
29/06/2018 12:44:58 PagSeguro.br.com.uol.pagseguro.api.transaction.register.DirectPaymentRegisterResource[FINE]: Resposta: HttpResponse{responseAsString='Unauthorized', status=401}
29/06/2018 12:44:58 PagSeguro.br.com.uol.pagseguro.api.transaction.register.DirectPaymentRegisterResource[INFO]: Parseando XML de resposta
29/06/2018 12:46:36 PagSeguro.br.com.uol.pagseguro.api.transaction.register.DirectPaymentRegisterResource[INFO]: Iniciando pagamento direto com debito online
29/06/2018 12:46:36 PagSeguro.br.com.uol.pagseguro.api.transaction.register.DirectPaymentRegisterResource[INFO]: Convertendo valores
29/06/2018 12:46:36 PagSeguro.br.com.uol.pagseguro.api.transaction.register.DirectPaymentRegisterResource[INFO]: Valores convertidos
29/06/2018 12:46:36 PagSeguro.br.com.uol.pagseguro.api.transaction.register.DirectPaymentRegisterResource[FINE]: Parametros: RequestMap{map={paymentMethod=eft, currency=BRL, bankName=itau}}
29/06/2018 12:46:36 PagSeguro.br.com.uol.pagseguro.api.http.AuthenticatedHttpClient[INFO]: Correlation Id: 4981fefb-fd49-4c1d-8f0c-047d83f19f54
29/06/2018 12:46:36 PagSeguro.br.com.uol.pagseguro.api.http.JSEHttpClient[INFO]: Executando [POST] em [https://ws.sandbox.pagseguro.uol.com.br/v2/transactions?email=arthurferreira2602@gmail.com&token=2A009550A6EC4D3A85A03A30D95EBCB3&correlationId=4981fefb-fd49-4c1d-8f0c-047d83f19f54]
29/06/2018 12:46:36 PagSeguro.br.com.uol.pagseguro.api.http.JSEHttpClient[INFO]: Abrindo conexao
29/06/2018 12:46:37 PagSeguro.br.com.uol.pagseguro.api.http.JSEHttpClient[INFO]: Escrevendo body
29/06/2018 12:46:38 PagSeguro.br.com.uol.pagseguro.api.http.JSEHttpClient[INFO]: Lendo resposta
29/06/2018 12:46:38 PagSeguro.br.com.uol.pagseguro.api.http.JSEHttpClient[INFO]: Fechando conexao
29/06/2018 12:46:38 PagSeguro.br.com.uol.pagseguro.api.transaction.register.DirectPaymentRegisterResource[FINE]: Resposta: HttpResponse{responseAsString='<?xml version="1.0" encoding="ISO-8859-1" standalone="yes"?><errors><error><code>53004</code><message>items invalid quantity.</message></error><error><code>53020</code><message>sender phone is required.</message></error><error><code>53018</code><message>sender area code is required.</message></error><error><code>53118</code><message>sender cpf or sender cnpj is required.</message></error><error><code>53010</code><message>sender email is required.</message></error><error><code>53013</code><message>sender name is required.</message></error><error><code>53031</code><message>shipping address city is required.</message></error><error><code>53024</code><message>shipping address street is required.</message></error><error><code>53022</code><message>shipping address postal code is required.</message></error><error><code>53026</code><message>shipping address number is required.</message></error><error><code>53029</code><message>shipping address district is required.</message></error><error><code>53033</code><message>shipping address state is required.</message></error><error><code>53035</code><message>shipping address country is required.</message></error><error><code>53118</code><message>sender cpf or sender cnpj is required.</message></error></errors>', status=400}
29/06/2018 12:46:38 PagSeguro.br.com.uol.pagseguro.api.transaction.register.DirectPaymentRegisterResource[INFO]: Parseando XML de resposta
29/06/2018 12:47:10 PagSeguro.br.com.uol.pagseguro.api.transaction.register.DirectPaymentRegisterResource[INFO]: Iniciando pagamento direto com debito online
29/06/2018 12:47:10 PagSeguro.br.com.uol.pagseguro.api.transaction.register.DirectPaymentRegisterResource[INFO]: Convertendo valores
29/06/2018 12:47:10 PagSeguro.br.com.uol.pagseguro.api.transaction.register.DirectPaymentRegisterResource[INFO]: Valores convertidos
29/06/2018 12:47:10 PagSeguro.br.com.uol.pagseguro.api.transaction.register.DirectPaymentRegisterResource[FINE]: Parametros: RequestMap{map={notificationURL=www.sualoja.com.br/notification, itemId1=0001, shippingAddressState=Example, extraAmount=100.00, itemId2=0002, shippingType=2, bankName=bancodobrasil, senderCPF=99999999999, reference=LIBJAVA_DIRECT_PAYMENT, senderName=Jose Comprador, shippingAddressComplement=99o andar, senderEmail=comprador@uol.com.br, shippingAddressNumber=9999, currency=BRL, senderAreaCode=99, shippingAddressStreet=Av. PagSeguro, shippingAddressCity=Cidade Exemplo, itemQuantity1=1, itemWeight1=1000, itemWeight2=750, shippingCost=10.00, paymentMode=default, itemQuantity2=2, shippingAddressCountry=BRA, senderPhone=99999999, shippingAddressDistrict=Jardim Internet, itemDescription1=Produto PagSeguroI, itemDescription2=Produto PagSeguroII, paymentMethod=eft, itemAmount1=99999.99, shippingAddressPostalCode=99999999, itemAmount2=99999.98}}
29/06/2018 12:47:11 PagSeguro.br.com.uol.pagseguro.api.http.AuthenticatedHttpClient[INFO]: Correlation Id: 9276d2fb-e964-4e79-8c8a-3fa833d75095
29/06/2018 12:47:11 PagSeguro.br.com.uol.pagseguro.api.http.JSEHttpClient[INFO]: Executando [POST] em [https://ws.sandbox.pagseguro.uol.com.br/v2/transactions?email=arthurferreira2602@gmail.com&token=2A009550A6EC4D3A85A03A30D95EBCB3&correlationId=9276d2fb-e964-4e79-8c8a-3fa833d75095]
29/06/2018 12:47:11 PagSeguro.br.com.uol.pagseguro.api.http.JSEHttpClient[INFO]: Abrindo conexao
29/06/2018 12:47:11 PagSeguro.br.com.uol.pagseguro.api.http.JSEHttpClient[INFO]: Escrevendo body
29/06/2018 12:47:12 PagSeguro.br.com.uol.pagseguro.api.http.JSEHttpClient[INFO]: Lendo resposta
29/06/2018 12:47:12 PagSeguro.br.com.uol.pagseguro.api.http.JSEHttpClient[INFO]: Fechando conexao
29/06/2018 12:47:12 PagSeguro.br.com.uol.pagseguro.api.transaction.register.DirectPaymentRegisterResource[FINE]: Resposta: HttpResponse{responseAsString='<?xml version="1.0" encoding="ISO-8859-1" standalone="yes"?><errors><error><code>53034</code><message>shipping address state invalid value: Example</message></error></errors>', status=400}
29/06/2018 12:47:12 PagSeguro.br.com.uol.pagseguro.api.transaction.register.DirectPaymentRegisterResource[INFO]: Parseando XML de resposta
29/06/2018 12:47:31 PagSeguro.br.com.uol.pagseguro.api.transaction.register.DirectPaymentRegisterResource[INFO]: Iniciando pagamento direto com debito online
29/06/2018 12:47:31 PagSeguro.br.com.uol.pagseguro.api.transaction.register.DirectPaymentRegisterResource[INFO]: Convertendo valores
29/06/2018 12:47:31 PagSeguro.br.com.uol.pagseguro.api.transaction.register.DirectPaymentRegisterResource[INFO]: Valores convertidos
29/06/2018 12:47:31 PagSeguro.br.com.uol.pagseguro.api.transaction.register.DirectPaymentRegisterResource[FINE]: Parametros: RequestMap{map={notificationURL=www.sualoja.com.br/notification, itemId1=0001, shippingAddressState=Example, extraAmount=100.00, itemId2=0002, shippingType=2, bankName=itau, senderCPF=99999999999, reference=LIBJAVA_DIRECT_PAYMENT, senderName=Jose Comprador, shippingAddressComplement=99o andar, senderEmail=comprador@uol.com.br, shippingAddressNumber=9999, currency=BRL, senderAreaCode=99, shippingAddressStreet=Av. PagSeguro, shippingAddressCity=Cidade Exemplo, itemQuantity1=1, itemWeight1=1000, itemWeight2=750, shippingCost=10.00, paymentMode=default, itemQuantity2=2, shippingAddressCountry=BRA, senderPhone=99999999, shippingAddressDistrict=Jardim Internet, itemDescription1=Produto PagSeguroI, itemDescription2=Produto PagSeguroII, paymentMethod=eft, itemAmount1=99999.99, shippingAddressPostalCode=99999999, itemAmount2=99999.98}}
29/06/2018 12:47:31 PagSeguro.br.com.uol.pagseguro.api.http.AuthenticatedHttpClient[INFO]: Correlation Id: cf4b8970-074d-4fb8-b2fa-042764fea305
29/06/2018 12:47:31 PagSeguro.br.com.uol.pagseguro.api.http.JSEHttpClient[INFO]: Executando [POST] em [https://ws.sandbox.pagseguro.uol.com.br/v2/transactions?email=arthurferreira2602@gmail.com&token=2A009550A6EC4D3A85A03A30D95EBCB3&correlationId=cf4b8970-074d-4fb8-b2fa-042764fea305]
29/06/2018 12:47:31 PagSeguro.br.com.uol.pagseguro.api.http.JSEHttpClient[INFO]: Abrindo conexao
29/06/2018 12:47:31 PagSeguro.br.com.uol.pagseguro.api.http.JSEHttpClient[INFO]: Escrevendo body
29/06/2018 12:47:32 PagSeguro.br.com.uol.pagseguro.api.http.JSEHttpClient[INFO]: Lendo resposta
29/06/2018 12:47:32 PagSeguro.br.com.uol.pagseguro.api.http.JSEHttpClient[INFO]: Fechando conexao
29/06/2018 12:47:32 PagSeguro.br.com.uol.pagseguro.api.transaction.register.DirectPaymentRegisterResource[FINE]: Resposta: HttpResponse{responseAsString='<?xml version="1.0" encoding="ISO-8859-1" standalone="yes"?><errors><error><code>53034</code><message>shipping address state invalid value: Example</message></error></errors>', status=400}
29/06/2018 12:47:32 PagSeguro.br.com.uol.pagseguro.api.transaction.register.DirectPaymentRegisterResource[INFO]: Parseando XML de resposta
29/06/2018 12:48:04 PagSeguro.br.com.uol.pagseguro.api.transaction.register.DirectPaymentRegisterResource[INFO]: Iniciando pagamento direto com debito online
29/06/2018 12:48:04 PagSeguro.br.com.uol.pagseguro.api.transaction.register.DirectPaymentRegisterResource[INFO]: Convertendo valores
29/06/2018 12:48:04 PagSeguro.br.com.uol.pagseguro.api.transaction.register.DirectPaymentRegisterResource[INFO]: Valores convertidos
29/06/2018 12:48:04 PagSeguro.br.com.uol.pagseguro.api.transaction.register.DirectPaymentRegisterResource[FINE]: Parametros: RequestMap{map={notificationURL=www.sualoja.com.br/notification, itemId1=0001, shippingAddressState=RJ, extraAmount=100.00, itemId2=0002, shippingType=2, bankName=itau, senderCPF=99999999999, reference=LIBJAVA_DIRECT_PAYMENT, senderName=Jose Comprador, shippingAddressComplement=99o andar, senderEmail=comprador@uol.com.br, shippingAddressNumber=9999, currency=BRL, senderAreaCode=99, shippingAddressStreet=Av. PagSeguro, shippingAddressCity=Cidade Exemplo, itemQuantity1=1, itemWeight1=1000, itemWeight2=750, shippingCost=10.00, paymentMode=default, itemQuantity2=2, shippingAddressCountry=BRA, senderPhone=99999999, shippingAddressDistrict=Jardim Internet, itemDescription1=Produto PagSeguroI, itemDescription2=Produto PagSeguroII, paymentMethod=eft, itemAmount1=99999.99, shippingAddressPostalCode=99999999, itemAmount2=99999.98}}
29/06/2018 12:48:04 PagSeguro.br.com.uol.pagseguro.api.http.AuthenticatedHttpClient[INFO]: Correlation Id: f061236e-56af-40b7-a38a-a7dba54fe367
29/06/2018 12:48:04 PagSeguro.br.com.uol.pagseguro.api.http.JSEHttpClient[INFO]: Executando [POST] em [https://ws.sandbox.pagseguro.uol.com.br/v2/transactions?email=arthurferreira2602@gmail.com&token=2A009550A6EC4D3A85A03A30D95EBCB3&correlationId=f061236e-56af-40b7-a38a-a7dba54fe367]
29/06/2018 12:48:04 PagSeguro.br.com.uol.pagseguro.api.http.JSEHttpClient[INFO]: Abrindo conexao
29/06/2018 12:48:05 PagSeguro.br.com.uol.pagseguro.api.http.JSEHttpClient[INFO]: Escrevendo body
29/06/2018 12:48:06 PagSeguro.br.com.uol.pagseguro.api.http.JSEHttpClient[INFO]: Lendo resposta
29/06/2018 12:48:06 PagSeguro.br.com.uol.pagseguro.api.http.JSEHttpClient[INFO]: Fechando conexao
29/06/2018 12:48:06 PagSeguro.br.com.uol.pagseguro.api.transaction.register.DirectPaymentRegisterResource[FINE]: Resposta: HttpResponse{responseAsString='<?xml version="1.0" encoding="ISO-8859-1" standalone="yes"?><errors><error><code>53122</code><message>sender email invalid domain: comprador@uol.com.br. You must use an email @sandbox.pagseguro.com.br</message></error></errors>', status=400}
29/06/2018 12:48:06 PagSeguro.br.com.uol.pagseguro.api.transaction.register.DirectPaymentRegisterResource[INFO]: Parseando XML de resposta
29/06/2018 12:48:47 PagSeguro.br.com.uol.pagseguro.api.transaction.register.DirectPaymentRegisterResource[INFO]: Iniciando pagamento direto com debito online
29/06/2018 12:48:47 PagSeguro.br.com.uol.pagseguro.api.transaction.register.DirectPaymentRegisterResource[INFO]: Convertendo valores
29/06/2018 12:48:47 PagSeguro.br.com.uol.pagseguro.api.transaction.register.DirectPaymentRegisterResource[INFO]: Valores convertidos
29/06/2018 12:48:47 PagSeguro.br.com.uol.pagseguro.api.transaction.register.DirectPaymentRegisterResource[FINE]: Parametros: RequestMap{map={notificationURL=www.sualoja.com.br/notification, itemId1=0001, shippingAddressState=RJ, extraAmount=100.00, itemId2=0002, shippingType=2, bankName=itau, senderCPF=99999999999, reference=LIBJAVA_DIRECT_PAYMENT, senderName=Jose Comprador, shippingAddressComplement=99o andar, senderEmail=comprador@sandbox.pagseguro.com.br, shippingAddressNumber=9999, currency=BRL, senderAreaCode=99, shippingAddressStreet=Av. PagSeguro, shippingAddressCity=Cidade Exemplo, itemQuantity1=1, itemWeight1=1000, itemWeight2=750, shippingCost=10.00, paymentMode=default, itemQuantity2=2, shippingAddressCountry=BRA, senderPhone=99999999, shippingAddressDistrict=Jardim Internet, itemDescription1=Produto PagSeguroI, itemDescription2=Produto PagSeguroII, paymentMethod=eft, itemAmount1=99999.99, shippingAddressPostalCode=99999999, itemAmount2=99999.98}}
29/06/2018 12:48:47 PagSeguro.br.com.uol.pagseguro.api.http.AuthenticatedHttpClient[INFO]: Correlation Id: 1ccc236d-be48-46a9-b650-203d4ff2c520
29/06/2018 12:48:47 PagSeguro.br.com.uol.pagseguro.api.http.JSEHttpClient[INFO]: Executando [POST] em [https://ws.sandbox.pagseguro.uol.com.br/v2/transactions?email=arthurferreira2602@gmail.com&token=2A009550A6EC4D3A85A03A30D95EBCB3&correlationId=1ccc236d-be48-46a9-b650-203d4ff2c520]
29/06/2018 12:48:47 PagSeguro.br.com.uol.pagseguro.api.http.JSEHttpClient[INFO]: Abrindo conexao
29/06/2018 12:48:47 PagSeguro.br.com.uol.pagseguro.api.http.JSEHttpClient[INFO]: Escrevendo body
29/06/2018 12:48:50 PagSeguro.br.com.uol.pagseguro.api.http.JSEHttpClient[INFO]: Lendo resposta
29/06/2018 12:48:50 PagSeguro.br.com.uol.pagseguro.api.http.JSEHttpClient[INFO]: Fechando conexao
29/06/2018 12:48:50 PagSeguro.br.com.uol.pagseguro.api.transaction.register.DirectPaymentRegisterResource[FINE]: Resposta: HttpResponse{responseAsString='<?xml version="1.0" encoding="ISO-8859-1" standalone="yes"?><transaction><date>2018-06-29T12:48:47.000-03:00</date><code>0F5E72C7-4218-45C4-8209-21858AA48F6A</code><reference>LIBJAVA_DIRECT_PAYMENT</reference><recoveryCode>7df5a68dd88c50bbaea074806f67b3e6bdcb67b7bbb58b58</recoveryCode><type>1</type><status>1</status><lastEventDate>2018-06-29T12:48:48.000-03:00</lastEventDate><paymentMethod><type>3</type><code>302</code></paymentMethod><paymentLink>https://sandbox.pagseguro.uol.com.br/checkout/payment/eft/print.jhtml?c=62f7d9faf31c4eacb3a530c890756725d082cf1283709f21ff0b245251bb9ee7a11c6ee9c77cc2a4</paymentLink><grossAmount>300109.95</grossAmount><discountAmount>0.00</discountAmount><feeAmount>11974.79</feeAmount><netAmount>288135.16</netAmount><extraAmount>100.00</extraAmount><installmentCount>1</installmentCount><itemCount>2</itemCount><items><item><id>0001</id><description>Produto PagSeguroI</description><quantity>1</quantity><amount>99999.99</amount></item><item><id>0002</id><description>Produto PagSeguroII</description><quantity>2</quantity><amount>99999.98</amount></item></items><sender><name>Jose Comprador</name><email>comprador@sandbox.pagseguro.com.br</email><phone><areaCode>99</areaCode><number>99999999</number></phone><documents><document><type>CPF</type><value>99999999999</value></document></documents></sender><shipping><address><street>Av. PagSeguro</street><number>9999</number><complement>99o andar</complement><district>Jardim Internet</district><city>Cidade Exemplo</city><state>RJ</state><country>BRA</country><postalCode>99999999</postalCode></address><type>2</type><cost>10.00</cost></shipping></transaction>', status=200}
29/06/2018 12:48:50 PagSeguro.br.com.uol.pagseguro.api.transaction.register.DirectPaymentRegisterResource[INFO]: Parseando XML de resposta
29/06/2018 12:48:50 PagSeguro.br.com.uol.pagseguro.api.transaction.register.DirectPaymentRegisterResource[INFO]: Parseamento finalizado
29/06/2018 12:48:50 PagSeguro.br.com.uol.pagseguro.api.transaction.register.DirectPaymentRegisterResource[INFO]: Pagamento direto com debito online finalizado
29/06/2018 13:00:21 PagSeguro.br.com.uol.pagseguro.api.transaction.register.DirectPaymentRegisterResource[INFO]: Iniciando pagamento direto com debito online
29/06/2018 13:00:21 PagSeguro.br.com.uol.pagseguro.api.transaction.register.DirectPaymentRegisterResource[INFO]: Convertendo valores
29/06/2018 13:00:21 PagSeguro.br.com.uol.pagseguro.api.transaction.register.DirectPaymentRegisterResource[INFO]: Valores convertidos
29/06/2018 13:00:21 PagSeguro.br.com.uol.pagseguro.api.transaction.register.DirectPaymentRegisterResource[FINE]: Parametros: RequestMap{map={notificationURL=www.sualoja.com.br/notification, itemId1=0001, shippingAddressState=RJ, extraAmount=100.00, itemId2=0002, shippingType=2, bankName=itau, senderCPF=99999999999, reference=LIBJAVA_DIRECT_PAYMENT, senderName=Jose Comprador, shippingAddressComplement=99o andar, senderEmail=comprador@sandbox.pagseguro.com.br, shippingAddressNumber=9999, currency=BRL, senderAreaCode=99, shippingAddressStreet=Av. PagSeguro, shippingAddressCity=Cidade Exemplo, itemQuantity1=1, itemWeight1=1000, itemWeight2=750, shippingCost=10.00, paymentMode=default, itemQuantity2=2, shippingAddressCountry=BRA, senderPhone=99999999, shippingAddressDistrict=Jardim Internet, itemDescription1=Produto PagSeguroI, itemDescription2=Produto PagSeguroII, paymentMethod=eft, itemAmount1=99999.99, shippingAddressPostalCode=99999999, itemAmount2=99999.98}}
29/06/2018 13:00:22 PagSeguro.br.com.uol.pagseguro.api.http.AuthenticatedHttpClient[INFO]: Correlation Id: ba41fd5e-08b4-4631-80cc-ec64f4a9affe
29/06/2018 13:00:22 PagSeguro.br.com.uol.pagseguro.api.http.JSEHttpClient[INFO]: Executando [POST] em [https://ws.sandbox.pagseguro.uol.com.br/v2/transactions?email=arthurferreira2602@gmail.com&token=2A009550A6EC4D3A85A03A30D95EBCB3&correlationId=ba41fd5e-08b4-4631-80cc-ec64f4a9affe]
29/06/2018 13:00:22 PagSeguro.br.com.uol.pagseguro.api.http.JSEHttpClient[INFO]: Abrindo conexao
29/06/2018 13:00:22 PagSeguro.br.com.uol.pagseguro.api.http.JSEHttpClient[INFO]: Escrevendo body
29/06/2018 13:00:24 PagSeguro.br.com.uol.pagseguro.api.http.JSEHttpClient[INFO]: Lendo resposta
29/06/2018 13:00:24 PagSeguro.br.com.uol.pagseguro.api.http.JSEHttpClient[INFO]: Fechando conexao
29/06/2018 13:00:24 PagSeguro.br.com.uol.pagseguro.api.transaction.register.DirectPaymentRegisterResource[FINE]: Resposta: HttpResponse{responseAsString='<?xml version="1.0" encoding="ISO-8859-1" standalone="yes"?><transaction><date>2018-06-29T13:00:22.000-03:00</date><code>38ED2678-FA89-4684-9AD0-1AB2AFB7515B</code><reference>LIBJAVA_DIRECT_PAYMENT</reference><recoveryCode>7df5a68dd88c50bb0d3f72b049959c5938057b3dbbaf20cd</recoveryCode><type>1</type><status>1</status><lastEventDate>2018-06-29T13:00:22.000-03:00</lastEventDate><paymentMethod><type>3</type><code>302</code></paymentMethod><paymentLink>https://sandbox.pagseguro.uol.com.br/checkout/payment/eft/print.jhtml?c=b86bd10166f1007a79eb645dee0a9cc2f80e53b9f2fa4d66dffc4db46aa51e1753d1edd2f28b863b</paymentLink><grossAmount>300109.95</grossAmount><discountAmount>0.00</discountAmount><feeAmount>11974.79</feeAmount><netAmount>288135.16</netAmount><extraAmount>100.00</extraAmount><installmentCount>1</installmentCount><itemCount>2</itemCount><items><item><id>0001</id><description>Produto PagSeguroI</description><quantity>1</quantity><amount>99999.99</amount></item><item><id>0002</id><description>Produto PagSeguroII</description><quantity>2</quantity><amount>99999.98</amount></item></items><sender><name>Jose Comprador</name><email>comprador@sandbox.pagseguro.com.br</email><phone><areaCode>99</areaCode><number>99999999</number></phone><documents><document><type>CPF</type><value>99999999999</value></document></documents></sender><shipping><address><street>Av. PagSeguro</street><number>9999</number><complement>99o andar</complement><district>Jardim Internet</district><city>Cidade Exemplo</city><state>RJ</state><country>BRA</country><postalCode>99999999</postalCode></address><type>2</type><cost>10.00</cost></shipping></transaction>', status=200}
29/06/2018 13:00:24 PagSeguro.br.com.uol.pagseguro.api.transaction.register.DirectPaymentRegisterResource[INFO]: Parseando XML de resposta
29/06/2018 13:00:25 PagSeguro.br.com.uol.pagseguro.api.transaction.register.DirectPaymentRegisterResource[INFO]: Parseamento finalizado
29/06/2018 13:00:25 PagSeguro.br.com.uol.pagseguro.api.transaction.register.DirectPaymentRegisterResource[INFO]: Pagamento direto com debito online finalizado
29/06/2018 13:13:10 PagSeguro.br.com.uol.pagseguro.api.transaction.register.DirectPaymentRegisterResource[INFO]: Iniciando pagamento direto com debito online
29/06/2018 13:13:10 PagSeguro.br.com.uol.pagseguro.api.transaction.register.DirectPaymentRegisterResource[INFO]: Convertendo valores
29/06/2018 13:13:10 PagSeguro.br.com.uol.pagseguro.api.transaction.register.DirectPaymentRegisterResource[INFO]: Valores convertidos
29/06/2018 13:13:10 PagSeguro.br.com.uol.pagseguro.api.transaction.register.DirectPaymentRegisterResource[FINE]: Parametros: RequestMap{map={notificationURL=www.sualoja.com.br/notification, itemId1=0001, shippingAddressState=RJ, extraAmount=100.00, itemId2=0002, shippingType=2, bankName=itau, senderCPF=99999999999, reference=LIBJAVA_DIRECT_PAYMENT, senderName=Jose Comprador, shippingAddressComplement=99o andar, senderEmail=comprador@sandbox.pagseguro.com.br, shippingAddressNumber=9999, currency=BRL, senderAreaCode=99, shippingAddressStreet=Av. PagSeguro, shippingAddressCity=Cidade Exemplo, itemQuantity1=1, itemWeight1=1000, itemWeight2=750, shippingCost=10.00, paymentMode=default, itemQuantity2=2, shippingAddressCountry=BRA, senderPhone=99999999, shippingAddressDistrict=Jardim Internet, itemDescription1=Produto PagSeguroI, itemDescription2=Produto PagSeguroII, paymentMethod=eft, itemAmount1=99999.99, shippingAddressPostalCode=99999999, itemAmount2=99999.98}}
29/06/2018 13:13:10 PagSeguro.br.com.uol.pagseguro.api.http.AuthenticatedHttpClient[INFO]: Correlation Id: 5a28d556-668a-41c7-bb3b-25080d0a971d
29/06/2018 13:13:10 PagSeguro.br.com.uol.pagseguro.api.http.JSEHttpClient[INFO]: Executando [POST] em [https://ws.sandbox.pagseguro.uol.com.br/v2/transactions?email=arthurferreira2602@gmail.com&token=2A009550A6EC4D3A85A03A30D95EBCB3&correlationId=5a28d556-668a-41c7-bb3b-25080d0a971d]
29/06/2018 13:13:10 PagSeguro.br.com.uol.pagseguro.api.http.JSEHttpClient[INFO]: Abrindo conexao
29/06/2018 13:13:11 PagSeguro.br.com.uol.pagseguro.api.http.JSEHttpClient[INFO]: Escrevendo body
29/06/2018 13:13:14 PagSeguro.br.com.uol.pagseguro.api.http.JSEHttpClient[INFO]: Lendo resposta
29/06/2018 13:13:14 PagSeguro.br.com.uol.pagseguro.api.http.JSEHttpClient[INFO]: Fechando conexao
29/06/2018 13:13:14 PagSeguro.br.com.uol.pagseguro.api.transaction.register.DirectPaymentRegisterResource[FINE]: Resposta: HttpResponse{responseAsString='<?xml version="1.0" encoding="ISO-8859-1" standalone="yes"?><transaction><date>2018-06-29T13:13:11.000-03:00</date><code>95D3DFAA-2E13-47FF-8EE2-FDC1AD1B5729</code><reference>LIBJAVA_DIRECT_PAYMENT</reference><recoveryCode>7df5a68dd88c50bb0d3f72b049959c59cae8f2ad059622f0</recoveryCode><type>1</type><status>1</status><lastEventDate>2018-06-29T13:13:12.000-03:00</lastEventDate><paymentMethod><type>3</type><code>302</code></paymentMethod><paymentLink>https://sandbox.pagseguro.uol.com.br/checkout/payment/eft/print.jhtml?c=8fc8ee293a6f273f831d59956426b0f85e8b008464536ff0c920614d4ca266a0b32b539be88cdbf7</paymentLink><grossAmount>300109.95</grossAmount><discountAmount>0.00</discountAmount><feeAmount>11974.79</feeAmount><netAmount>288135.16</netAmount><extraAmount>100.00</extraAmount><installmentCount>1</installmentCount><itemCount>2</itemCount><items><item><id>0001</id><description>Produto PagSeguroI</description><quantity>1</quantity><amount>99999.99</amount></item><item><id>0002</id><description>Produto PagSeguroII</description><quantity>2</quantity><amount>99999.98</amount></item></items><sender><name>Jose Comprador</name><email>comprador@sandbox.pagseguro.com.br</email><phone><areaCode>99</areaCode><number>99999999</number></phone><documents><document><type>CPF</type><value>99999999999</value></document></documents></sender><shipping><address><street>Av. PagSeguro</street><number>9999</number><complement>99o andar</complement><district>Jardim Internet</district><city>Cidade Exemplo</city><state>RJ</state><country>BRA</country><postalCode>99999999</postalCode></address><type>2</type><cost>10.00</cost></shipping></transaction>', status=200}
29/06/2018 13:13:14 PagSeguro.br.com.uol.pagseguro.api.transaction.register.DirectPaymentRegisterResource[INFO]: Parseando XML de resposta
29/06/2018 13:13:14 PagSeguro.br.com.uol.pagseguro.api.transaction.register.DirectPaymentRegisterResource[INFO]: Parseamento finalizado
29/06/2018 13:13:14 PagSeguro.br.com.uol.pagseguro.api.transaction.register.DirectPaymentRegisterResource[INFO]: Pagamento direto com debito online finalizado
